---------------------------------------------------------------
[ 2018-08-05T18:40:37+08:00 ] 127.0.0.1 GET /index.php/gjcf/login/index
[ info ] tp5.com/index.php/gjcf/login/index [运行时间：0.080005s][吞吐率：12.50req/s] [内存消耗：1,813.41kb] [文件加载：48]
[ info ] [ LANG ] H:\share\project\trunk\tp5\thinkphp\lang\zh-cn.php
[ info ] [ ROUTE ] array (
  'type' => 'module',
  'module' => 
  array (
    0 => 'gjcf',
    1 => 'login',
    2 => 'index',
  ),
)
[ info ] [ HEADER ] array (
  'host' => 'tp5.com',
  'connection' => 'keep-alive',
  'upgrade-insecure-requests' => '1',
  'user-agent' => 'Mozilla/5.0 (Windows NT 6.1; Win64; x64) AppleWebKit/537.36 (KHTML, like Gecko) Chrome/67.0.3396.99 Safari/537.36',
  'accept' => 'text/html,application/xhtml+xml,application/xml;q=0.9,image/webp,image/apng,*/*;q=0.8',
  'accept-encoding' => 'gzip, deflate',
  'accept-language' => 'zh-CN,zh;q=0.9',
  'cookie' => 'username=zhangzhao111; password=zhangzhao; username=zhangzhao111; password=zhangzhao; XDEBUG_SESSION=XDEBUG_ECLIPSE; PHPSESSID=8ie28s50aidvmb51l5lkip5m70',
)
[ info ] [ PARAM ] array (
)
[ info ] [ RUN ] app\gjcf\controller\Login->Index[ H:\share\project\trunk\tp5\application\gjcf\controller\Login.php ]
[ info ] [ VIEW ] H:\share\project\trunk\tp5\public/../application/gjcf\view\login\index.html [ array (
) ]
[ info ] [ LOG ] INIT File
---------------------------------------------------------------
[ 2018-08-05T18:40:37+08:00 ] 127.0.0.1 GET /index.php/captcha.html
[ info ] tp5.com/index.php/captcha.html [运行时间：0.027001s][吞吐率：37.04req/s] [内存消耗：1,374.19kb] [文件加载：37]
[ info ] [ LANG ] H:\share\project\trunk\tp5\thinkphp\lang\zh-cn.php
[ info ] [ ROUTE ] array (
  'type' => 'method',
  'method' => 
  array (
    0 => '\\think\\captcha\\CaptchaController',
    1 => 'index',
  ),
  'var' => 
  array (
  ),
)
[ info ] [ HEADER ] array (
  'host' => 'tp5.com',
  'connection' => 'keep-alive',
  'user-agent' => 'Mozilla/5.0 (Windows NT 6.1; Win64; x64) AppleWebKit/537.36 (KHTML, like Gecko) Chrome/67.0.3396.99 Safari/537.36',
  'accept' => 'image/webp,image/apng,image/*,*/*;q=0.8',
  'referer' => 'http://tp5.com/index.php/gjcf/login/index',
  'accept-encoding' => 'gzip, deflate',
  'accept-language' => 'zh-CN,zh;q=0.9',
  'cookie' => 'XDEBUG_SESSION=XDEBUG_ECLIPSE; PHPSESSID=8ie28s50aidvmb51l5lkip5m70',
)
[ info ] [ PARAM ] array (
  'id' => NULL,
)
[ info ] [ RUN ] think\captcha\CaptchaController->index[ H:\share\project\trunk\tp5\vendor\topthink\think-captcha\src\CaptchaController.php ]
[ info ] [ SESSION ] INIT array (
  'id' => '',
  'var_session_id' => '',
  'prefix' => 'think',
  'type' => '',
  'auto_start' => true,
)
[ info ] [ LOG ] INIT File
---------------------------------------------------------------
[ 2018-08-05T18:40:40+08:00 ] 127.0.0.1 GET /index.php/gjcf/signup/index
[ info ] tp5.com/index.php/gjcf/signup/index [运行时间：0.051003s][吞吐率：19.61req/s] [内存消耗：1,822.90kb] [文件加载：48]
[ info ] [ LANG ] H:\share\project\trunk\tp5\thinkphp\lang\zh-cn.php
[ info ] [ ROUTE ] array (
  'type' => 'module',
  'module' => 
  array (
    0 => 'gjcf',
    1 => 'signup',
    2 => 'index',
  ),
)
[ info ] [ HEADER ] array (
  'host' => 'tp5.com',
  'connection' => 'keep-alive',
  'upgrade-insecure-requests' => '1',
  'user-agent' => 'Mozilla/5.0 (Windows NT 6.1; Win64; x64) AppleWebKit/537.36 (KHTML, like Gecko) Chrome/67.0.3396.99 Safari/537.36',
  'accept' => 'text/html,application/xhtml+xml,application/xml;q=0.9,image/webp,image/apng,*/*;q=0.8',
  'accept-encoding' => 'gzip, deflate',
  'accept-language' => 'zh-CN,zh;q=0.9',
  'cookie' => 'username=zhangzhao111; password=zhangzhao; XDEBUG_SESSION=XDEBUG_ECLIPSE; PHPSESSID=8ie28s50aidvmb51l5lkip5m70',
)
[ info ] [ PARAM ] array (
)
[ info ] [ RUN ] app\gjcf\controller\Signup->Index[ H:\share\project\trunk\tp5\application\gjcf\controller\Signup.php ]
[ info ] [ VIEW ] H:\share\project\trunk\tp5\public/../application/gjcf\view\signup\index.html [ array (
) ]
[ info ] [ LOG ] INIT File
---------------------------------------------------------------
[ 2018-08-05T18:40:40+08:00 ] 127.0.0.1 GET /index.php/captcha.html
[ info ] tp5.com/index.php/captcha.html [运行时间：0.021002s][吞吐率：47.61req/s] [内存消耗：1,374.15kb] [文件加载：37]
[ info ] [ LANG ] H:\share\project\trunk\tp5\thinkphp\lang\zh-cn.php
[ info ] [ ROUTE ] array (
  'type' => 'method',
  'method' => 
  array (
    0 => '\\think\\captcha\\CaptchaController',
    1 => 'index',
  ),
  'var' => 
  array (
  ),
)
[ info ] [ HEADER ] array (
  'host' => 'tp5.com',
  'connection' => 'keep-alive',
  'user-agent' => 'Mozilla/5.0 (Windows NT 6.1; Win64; x64) AppleWebKit/537.36 (KHTML, like Gecko) Chrome/67.0.3396.99 Safari/537.36',
  'accept' => 'image/webp,image/apng,image/*,*/*;q=0.8',
  'referer' => 'http://tp5.com/index.php/gjcf/signup/index',
  'accept-encoding' => 'gzip, deflate',
  'accept-language' => 'zh-CN,zh;q=0.9',
  'cookie' => 'XDEBUG_SESSION=XDEBUG_ECLIPSE; PHPSESSID=8ie28s50aidvmb51l5lkip5m70',
)
[ info ] [ PARAM ] array (
  'id' => NULL,
)
[ info ] [ RUN ] think\captcha\CaptchaController->index[ H:\share\project\trunk\tp5\vendor\topthink\think-captcha\src\CaptchaController.php ]
[ info ] [ SESSION ] INIT array (
  'id' => '',
  'var_session_id' => '',
  'prefix' => 'think',
  'type' => '',
  'auto_start' => true,
)
[ info ] [ LOG ] INIT File
---------------------------------------------------------------
[ 2018-08-05T18:40:54+08:00 ] 127.0.0.1 POST /index.php/gjcf/signup/signup
[ info ] tp5.com/index.php/gjcf/signup/signup [运行时间：0.196011s][吞吐率：5.10req/s] [内存消耗：2,878.70kb] [文件加载：58]
[ info ] [ LANG ] H:\share\project\trunk\tp5\thinkphp\lang\zh-cn.php
[ info ] [ ROUTE ] array (
  'type' => 'module',
  'module' => 
  array (
    0 => 'gjcf',
    1 => 'signup',
    2 => 'signup',
  ),
)
[ info ] [ HEADER ] array (
  'host' => 'tp5.com',
  'connection' => 'keep-alive',
  'content-length' => '92',
  'accept' => 'application/json, text/javascript, */*; q=0.01',
  'origin' => 'http://tp5.com',
  'x-requested-with' => 'XMLHttpRequest',
  'user-agent' => 'Mozilla/5.0 (Windows NT 6.1; Win64; x64) AppleWebKit/537.36 (KHTML, like Gecko) Chrome/67.0.3396.99 Safari/537.36',
  'content-type' => 'application/x-www-form-urlencoded; charset=UTF-8',
  'referer' => 'http://tp5.com/index.php/gjcf/signup/index',
  'accept-encoding' => 'gzip, deflate',
  'accept-language' => 'zh-CN,zh;q=0.9',
  'cookie' => 'username=zhangzhao111; password=zhangzhao; XDEBUG_SESSION=XDEBUG_ECLIPSE; PHPSESSID=8ie28s50aidvmb51l5lkip5m70',
)
[ info ] [ PARAM ] array (
  'username' => 'zhangzhao1111',
  'password' => 'zhangzhao',
  'tel' => '13113310202',
  'telidentify' => '',
  'referee' => '4',
  'capcha' => '7wv6',
)
[ info ] [ RUN ] app\gjcf\controller\Signup->Signup[ H:\share\project\trunk\tp5\application\gjcf\controller\Signup.php ]
[ info ] [ SESSION ] INIT array (
  'id' => '',
  'var_session_id' => '',
  'prefix' => 'think',
  'type' => '',
  'auto_start' => true,
)
[ info ] [ DB ] INIT mysql
[ info ] [ LOG ] INIT File
[ sql ] [ DB ] CONNECT:[ UseTime:0.011000s ] mysql:host=127.0.0.1;dbname=gjcf;charset=utf8
[ sql ] [ SQL ] SHOW COLUMNS FROM `international_user` [ RunTime:0.015001s ]
[ sql ] [ SQL ] SELECT * FROM `international_user` WHERE  `username` = 'zhangzhao1111' LIMIT 1 [ RunTime:0.001000s ]
[ sql ] [ SQL ] SELECT * FROM `international_user` WHERE  `id` = 4 LIMIT 1 [ RunTime:0.023001s ]
[ sql ] [ SQL ] INSERT INTO `international_user` (`username` , `password` , `tel` , `referee` , `status` , `role` , `usableydc` , `tasteydc` , `freezenydc` , `latestlogintime` , `hasinvest`) VALUES ('zhangzhao1111' , 'zhangzhao' , '13113310202' , 4 , 0 , 0 , 0 , 1000 , 0 , '2018-08-05 18:40:54' , 0) [ RunTime:0.027001s ]
[ sql ] [ SQL ] SHOW COLUMNS FROM `international_ydcrecord` [ RunTime:0.015001s ]
[ sql ] [ SQL ] INSERT INTO `international_ydcrecord` (`createtime` , `userid` , `ydc` , `ydcrecordtype` , `typename`) VALUES ('2018-08-05 18:40:54' , 42 , 1000 , 8 , '注册') [ RunTime:0.025002s ]
---------------------------------------------------------------
[ 2018-08-05T18:40:54+08:00 ] 127.0.0.1 GET /index.php/gjcf/login/index
[ info ] tp5.com/index.php/gjcf/login/index [运行时间：0.025001s][吞吐率：40.00req/s] [内存消耗：1,667.70kb] [文件加载：46]
[ info ] [ LANG ] H:\share\project\trunk\tp5\thinkphp\lang\zh-cn.php
[ info ] [ ROUTE ] array (
  'type' => 'module',
  'module' => 
  array (
    0 => 'gjcf',
    1 => 'login',
    2 => 'index',
  ),
)
[ info ] [ HEADER ] array (
  'host' => 'tp5.com',
  'connection' => 'keep-alive',
  'upgrade-insecure-requests' => '1',
  'user-agent' => 'Mozilla/5.0 (Windows NT 6.1; Win64; x64) AppleWebKit/537.36 (KHTML, like Gecko) Chrome/67.0.3396.99 Safari/537.36',
  'accept' => 'text/html,application/xhtml+xml,application/xml;q=0.9,image/webp,image/apng,*/*;q=0.8',
  'referer' => 'http://tp5.com/index.php/gjcf/signup/index',
  'accept-encoding' => 'gzip, deflate',
  'accept-language' => 'zh-CN,zh;q=0.9',
  'cookie' => 'username=zhangzhao111; password=zhangzhao; username=zhangzhao111; password=zhangzhao; XDEBUG_SESSION=XDEBUG_ECLIPSE; PHPSESSID=8ie28s50aidvmb51l5lkip5m70',
)
[ info ] [ PARAM ] array (
)
[ info ] [ RUN ] app\gjcf\controller\Login->Index[ H:\share\project\trunk\tp5\application\gjcf\controller\Login.php ]
[ info ] [ VIEW ] H:\share\project\trunk\tp5\public/../application/gjcf\view\login\index.html [ array (
) ]
[ info ] [ LOG ] INIT File
---------------------------------------------------------------
[ 2018-08-05T18:40:54+08:00 ] 127.0.0.1 GET /index.php/captcha.html
[ info ] tp5.com/index.php/captcha.html [运行时间：0.029001s][吞吐率：34.48req/s] [内存消耗：1,374.19kb] [文件加载：37]
[ info ] [ LANG ] H:\share\project\trunk\tp5\thinkphp\lang\zh-cn.php
[ info ] [ ROUTE ] array (
  'type' => 'method',
  'method' => 
  array (
    0 => '\\think\\captcha\\CaptchaController',
    1 => 'index',
  ),
  'var' => 
  array (
  ),
)
[ info ] [ HEADER ] array (
  'host' => 'tp5.com',
  'connection' => 'keep-alive',
  'user-agent' => 'Mozilla/5.0 (Windows NT 6.1; Win64; x64) AppleWebKit/537.36 (KHTML, like Gecko) Chrome/67.0.3396.99 Safari/537.36',
  'accept' => 'image/webp,image/apng,image/*,*/*;q=0.8',
  'referer' => 'http://tp5.com/index.php/gjcf/login/index',
  'accept-encoding' => 'gzip, deflate',
  'accept-language' => 'zh-CN,zh;q=0.9',
  'cookie' => 'XDEBUG_SESSION=XDEBUG_ECLIPSE; PHPSESSID=8ie28s50aidvmb51l5lkip5m70',
)
[ info ] [ PARAM ] array (
  'id' => NULL,
)
[ info ] [ RUN ] think\captcha\CaptchaController->index[ H:\share\project\trunk\tp5\vendor\topthink\think-captcha\src\CaptchaController.php ]
[ info ] [ SESSION ] INIT array (
  'id' => '',
  'var_session_id' => '',
  'prefix' => 'think',
  'type' => '',
  'auto_start' => true,
)
[ info ] [ LOG ] INIT File
---------------------------------------------------------------
[ 2018-08-05T19:00:01+08:00 ] 127.0.0.1 GET /index.php/gjcf/signup/index
[ info ] tp5.com/index.php/gjcf/signup/index [运行时间：0.028002s][吞吐率：35.71req/s] [内存消耗：1,671.80kb] [文件加载：46]
[ info ] [ LANG ] H:\share\project\trunk\tp5\thinkphp\lang\zh-cn.php
[ info ] [ ROUTE ] array (
  'type' => 'module',
  'module' => 
  array (
    0 => 'gjcf',
    1 => 'signup',
    2 => 'index',
  ),
)
[ info ] [ HEADER ] array (
  'host' => 'tp5.com',
  'connection' => 'keep-alive',
  'upgrade-insecure-requests' => '1',
  'user-agent' => 'Mozilla/5.0 (Windows NT 6.1; Win64; x64) AppleWebKit/537.36 (KHTML, like Gecko) Chrome/67.0.3396.99 Safari/537.36',
  'accept' => 'text/html,application/xhtml+xml,application/xml;q=0.9,image/webp,image/apng,*/*;q=0.8',
  'accept-encoding' => 'gzip, deflate',
  'accept-language' => 'zh-CN,zh;q=0.9',
  'cookie' => 'username=zhangzhao111; password=zhangzhao; XDEBUG_SESSION=XDEBUG_ECLIPSE; PHPSESSID=8ie28s50aidvmb51l5lkip5m70',
)
[ info ] [ PARAM ] array (
)
[ info ] [ RUN ] app\gjcf\controller\Signup->Index[ H:\share\project\trunk\tp5\application\gjcf\controller\Signup.php ]
[ info ] [ VIEW ] H:\share\project\trunk\tp5\public/../application/gjcf\view\signup\index.html [ array (
) ]
[ info ] [ LOG ] INIT File
---------------------------------------------------------------
[ 2018-08-05T19:00:01+08:00 ] 127.0.0.1 GET /index.php/captcha.html
[ info ] tp5.com/index.php/captcha.html [运行时间：0.022002s][吞吐率：45.45req/s] [内存消耗：1,374.16kb] [文件加载：37]
[ info ] [ LANG ] H:\share\project\trunk\tp5\thinkphp\lang\zh-cn.php
[ info ] [ ROUTE ] array (
  'type' => 'method',
  'method' => 
  array (
    0 => '\\think\\captcha\\CaptchaController',
    1 => 'index',
  ),
  'var' => 
  array (
  ),
)
[ info ] [ HEADER ] array (
  'host' => 'tp5.com',
  'connection' => 'keep-alive',
  'user-agent' => 'Mozilla/5.0 (Windows NT 6.1; Win64; x64) AppleWebKit/537.36 (KHTML, like Gecko) Chrome/67.0.3396.99 Safari/537.36',
  'accept' => 'image/webp,image/apng,image/*,*/*;q=0.8',
  'referer' => 'http://tp5.com/index.php/gjcf/signup/index',
  'accept-encoding' => 'gzip, deflate',
  'accept-language' => 'zh-CN,zh;q=0.9',
  'cookie' => 'XDEBUG_SESSION=XDEBUG_ECLIPSE; PHPSESSID=8ie28s50aidvmb51l5lkip5m70',
)
[ info ] [ PARAM ] array (
  'id' => NULL,
)
[ info ] [ RUN ] think\captcha\CaptchaController->index[ H:\share\project\trunk\tp5\vendor\topthink\think-captcha\src\CaptchaController.php ]
[ info ] [ SESSION ] INIT array (
  'id' => '',
  'var_session_id' => '',
  'prefix' => 'think',
  'type' => '',
  'auto_start' => true,
)
[ info ] [ LOG ] INIT File
---------------------------------------------------------------
[ 2018-08-05T20:07:21+08:00 ] 127.0.0.1 POST /index.php/gjcf/signup/signup
[ info ] tp5.com/index.php/gjcf/signup/signup [运行时间：0.024001s][吞吐率：41.66req/s] [内存消耗：1,675.87kb] [文件加载：46]
[ info ] [ LANG ] H:\share\project\trunk\tp5\thinkphp\lang\zh-cn.php
[ info ] [ ROUTE ] array (
  'type' => 'module',
  'module' => 
  array (
    0 => 'gjcf',
    1 => 'signup',
    2 => 'signup',
  ),
)
[ info ] [ HEADER ] array (
  'host' => 'tp5.com',
  'connection' => 'keep-alive',
  'content-length' => '94',
  'accept' => 'application/json, text/javascript, */*; q=0.01',
  'origin' => 'http://tp5.com',
  'x-requested-with' => 'XMLHttpRequest',
  'user-agent' => 'Mozilla/5.0 (Windows NT 6.1; Win64; x64) AppleWebKit/537.36 (KHTML, like Gecko) Chrome/67.0.3396.99 Safari/537.36',
  'content-type' => 'application/x-www-form-urlencoded; charset=UTF-8',
  'referer' => 'http://tp5.com/index.php/gjcf/signup/index',
  'accept-encoding' => 'gzip, deflate',
  'accept-language' => 'zh-CN,zh;q=0.9',
  'cookie' => 'username=zhangzhao111; password=zhangzhao; XDEBUG_SESSION=XDEBUG_ECLIPSE; PHPSESSID=8ie28s50aidvmb51l5lkip5m70',
)
[ info ] [ PARAM ] array (
  'username' => 'zhangzhao111',
  'password' => 'zhangzhao',
  'tel' => '13113310202',
  'telidentify' => '',
  'referee' => '4396',
  'capcha' => 'nte5',
)
[ info ] [ RUN ] app\gjcf\controller\Signup->Signup[ H:\share\project\trunk\tp5\application\gjcf\controller\Signup.php ]
[ info ] [ SESSION ] INIT array (
  'id' => '',
  'var_session_id' => '',
  'prefix' => 'think',
  'type' => '',
  'auto_start' => true,
)
[ info ] [ LOG ] INIT File
---------------------------------------------------------------
[ 2018-08-05T20:07:21+08:00 ] 127.0.0.1 GET /index.php/captcha?id=0.006051153754205174
[ info ] tp5.com/index.php/captcha?id=0.006051153754205174 [运行时间：0.020001s][吞吐率：50.00req/s] [内存消耗：1,374.30kb] [文件加载：37]
[ info ] [ LANG ] H:\share\project\trunk\tp5\thinkphp\lang\zh-cn.php
[ info ] [ ROUTE ] array (
  'type' => 'method',
  'method' => 
  array (
    0 => '\\think\\captcha\\CaptchaController',
    1 => 'index',
  ),
  'var' => 
  array (
  ),
)
[ info ] [ HEADER ] array (
  'host' => 'tp5.com',
  'connection' => 'keep-alive',
  'user-agent' => 'Mozilla/5.0 (Windows NT 6.1; Win64; x64) AppleWebKit/537.36 (KHTML, like Gecko) Chrome/67.0.3396.99 Safari/537.36',
  'accept' => 'image/webp,image/apng,image/*,*/*;q=0.8',
  'referer' => 'http://tp5.com/index.php/gjcf/signup/index',
  'accept-encoding' => 'gzip, deflate',
  'accept-language' => 'zh-CN,zh;q=0.9',
  'cookie' => 'XDEBUG_SESSION=XDEBUG_ECLIPSE; PHPSESSID=8ie28s50aidvmb51l5lkip5m70',
)
[ info ] [ PARAM ] array (
  'id' => NULL,
)
[ info ] [ RUN ] think\captcha\CaptchaController->index[ H:\share\project\trunk\tp5\vendor\topthink\think-captcha\src\CaptchaController.php ]
[ info ] [ SESSION ] INIT array (
  'id' => '',
  'var_session_id' => '',
  'prefix' => 'think',
  'type' => '',
  'auto_start' => true,
)
[ info ] [ LOG ] INIT File
---------------------------------------------------------------
[ 2018-08-05T20:07:25+08:00 ] 127.0.0.1 POST /index.php/gjcf/signup/signup
[ info ] tp5.com/index.php/gjcf/signup/signup [运行时间：0.057003s][吞吐率：17.54req/s] [内存消耗：2,815.90kb] [文件加载：56]
[ info ] [ LANG ] H:\share\project\trunk\tp5\thinkphp\lang\zh-cn.php
[ info ] [ ROUTE ] array (
  'type' => 'module',
  'module' => 
  array (
    0 => 'gjcf',
    1 => 'signup',
    2 => 'signup',
  ),
)
[ info ] [ HEADER ] array (
  'host' => 'tp5.com',
  'connection' => 'keep-alive',
  'content-length' => '94',
  'accept' => 'application/json, text/javascript, */*; q=0.01',
  'origin' => 'http://tp5.com',
  'x-requested-with' => 'XMLHttpRequest',
  'user-agent' => 'Mozilla/5.0 (Windows NT 6.1; Win64; x64) AppleWebKit/537.36 (KHTML, like Gecko) Chrome/67.0.3396.99 Safari/537.36',
  'content-type' => 'application/x-www-form-urlencoded; charset=UTF-8',
  'referer' => 'http://tp5.com/index.php/gjcf/signup/index',
  'accept-encoding' => 'gzip, deflate',
  'accept-language' => 'zh-CN,zh;q=0.9',
  'cookie' => 'username=zhangzhao111; password=zhangzhao; XDEBUG_SESSION=XDEBUG_ECLIPSE; PHPSESSID=8ie28s50aidvmb51l5lkip5m70',
)
[ info ] [ PARAM ] array (
  'username' => 'zhangzhao111',
  'password' => 'zhangzhao',
  'tel' => '13113310202',
  'telidentify' => '',
  'referee' => '4396',
  'capcha' => 'jtq6',
)
[ info ] [ RUN ] app\gjcf\controller\Signup->Signup[ H:\share\project\trunk\tp5\application\gjcf\controller\Signup.php ]
[ info ] [ SESSION ] INIT array (
  'id' => '',
  'var_session_id' => '',
  'prefix' => 'think',
  'type' => '',
  'auto_start' => true,
)
[ info ] [ DB ] INIT mysql
[ info ] [ LOG ] INIT File
[ sql ] [ DB ] CONNECT:[ UseTime:0.011001s ] mysql:host=127.0.0.1;dbname=gjcf;charset=utf8
[ sql ] [ SQL ] SHOW COLUMNS FROM `international_user` [ RunTime:0.011001s ]
[ sql ] [ SQL ] SELECT * FROM `international_user` WHERE  `username` = 'zhangzhao111' LIMIT 1 [ RunTime:0.000000s ]
---------------------------------------------------------------
[ 2018-08-05T20:07:25+08:00 ] 127.0.0.1 GET /index.php/captcha?id=0.757213405395937
[ info ] tp5.com/index.php/captcha?id=0.757213405395937 [运行时间：0.038002s][吞吐率：26.31req/s] [内存消耗：1,374.23kb] [文件加载：37]
[ info ] [ LANG ] H:\share\project\trunk\tp5\thinkphp\lang\zh-cn.php
[ info ] [ ROUTE ] array (
  'type' => 'method',
  'method' => 
  array (
    0 => '\\think\\captcha\\CaptchaController',
    1 => 'index',
  ),
  'var' => 
  array (
  ),
)
[ info ] [ HEADER ] array (
  'host' => 'tp5.com',
  'connection' => 'keep-alive',
  'user-agent' => 'Mozilla/5.0 (Windows NT 6.1; Win64; x64) AppleWebKit/537.36 (KHTML, like Gecko) Chrome/67.0.3396.99 Safari/537.36',
  'accept' => 'image/webp,image/apng,image/*,*/*;q=0.8',
  'referer' => 'http://tp5.com/index.php/gjcf/signup/index',
  'accept-encoding' => 'gzip, deflate',
  'accept-language' => 'zh-CN,zh;q=0.9',
  'cookie' => 'XDEBUG_SESSION=XDEBUG_ECLIPSE; PHPSESSID=8ie28s50aidvmb51l5lkip5m70',
)
[ info ] [ PARAM ] array (
  'id' => NULL,
)
[ info ] [ RUN ] think\captcha\CaptchaController->index[ H:\share\project\trunk\tp5\vendor\topthink\think-captcha\src\CaptchaController.php ]
[ info ] [ SESSION ] INIT array (
  'id' => '',
  'var_session_id' => '',
  'prefix' => 'think',
  'type' => '',
  'auto_start' => true,
)
[ info ] [ LOG ] INIT File
---------------------------------------------------------------
[ 2018-08-05T20:07:35+08:00 ] 127.0.0.1 POST /index.php/gjcf/signup/signup
[ info ] tp5.com/index.php/gjcf/signup/signup [运行时间：0.027001s][吞吐率：37.04req/s] [内存消耗：1,676.20kb] [文件加载：46]
[ info ] [ LANG ] H:\share\project\trunk\tp5\thinkphp\lang\zh-cn.php
[ info ] [ ROUTE ] array (
  'type' => 'module',
  'module' => 
  array (
    0 => 'gjcf',
    1 => 'signup',
    2 => 'signup',
  ),
)
[ info ] [ HEADER ] array (
  'host' => 'tp5.com',
  'connection' => 'keep-alive',
  'content-length' => '94',
  'accept' => 'application/json, text/javascript, */*; q=0.01',
  'origin' => 'http://tp5.com',
  'x-requested-with' => 'XMLHttpRequest',
  'user-agent' => 'Mozilla/5.0 (Windows NT 6.1; Win64; x64) AppleWebKit/537.36 (KHTML, like Gecko) Chrome/67.0.3396.99 Safari/537.36',
  'content-type' => 'application/x-www-form-urlencoded; charset=UTF-8',
  'referer' => 'http://tp5.com/index.php/gjcf/signup/index',
  'accept-encoding' => 'gzip, deflate',
  'accept-language' => 'zh-CN,zh;q=0.9',
  'cookie' => 'username=zhangzhao111; password=zhangzhao; XDEBUG_SESSION=XDEBUG_ECLIPSE; PHPSESSID=8ie28s50aidvmb51l5lkip5m70',
)
[ info ] [ PARAM ] array (
  'username' => 'zhangzhao112',
  'password' => 'zhangzhao',
  'tel' => '13113310202',
  'telidentify' => '',
  'referee' => '4396',
  'capcha' => 't5wp',
)
[ info ] [ RUN ] app\gjcf\controller\Signup->Signup[ H:\share\project\trunk\tp5\application\gjcf\controller\Signup.php ]
[ info ] [ SESSION ] INIT array (
  'id' => '',
  'var_session_id' => '',
  'prefix' => 'think',
  'type' => '',
  'auto_start' => true,
)
[ info ] [ LOG ] INIT File
---------------------------------------------------------------
[ 2018-08-05T20:07:35+08:00 ] 127.0.0.1 GET /index.php/captcha?id=0.556739768371179
[ info ] tp5.com/index.php/captcha?id=0.556739768371179 [运行时间：0.032002s][吞吐率：31.25req/s] [内存消耗：1,374.25kb] [文件加载：37]
[ info ] [ LANG ] H:\share\project\trunk\tp5\thinkphp\lang\zh-cn.php
[ info ] [ ROUTE ] array (
  'type' => 'method',
  'method' => 
  array (
    0 => '\\think\\captcha\\CaptchaController',
    1 => 'index',
  ),
  'var' => 
  array (
  ),
)
[ info ] [ HEADER ] array (
  'host' => 'tp5.com',
  'connection' => 'keep-alive',
  'user-agent' => 'Mozilla/5.0 (Windows NT 6.1; Win64; x64) AppleWebKit/537.36 (KHTML, like Gecko) Chrome/67.0.3396.99 Safari/537.36',
  'accept' => 'image/webp,image/apng,image/*,*/*;q=0.8',
  'referer' => 'http://tp5.com/index.php/gjcf/signup/index',
  'accept-encoding' => 'gzip, deflate',
  'accept-language' => 'zh-CN,zh;q=0.9',
  'cookie' => 'XDEBUG_SESSION=XDEBUG_ECLIPSE; PHPSESSID=8ie28s50aidvmb51l5lkip5m70',
)
[ info ] [ PARAM ] array (
  'id' => NULL,
)
[ info ] [ RUN ] think\captcha\CaptchaController->index[ H:\share\project\trunk\tp5\vendor\topthink\think-captcha\src\CaptchaController.php ]
[ info ] [ SESSION ] INIT array (
  'id' => '',
  'var_session_id' => '',
  'prefix' => 'think',
  'type' => '',
  'auto_start' => true,
)
[ info ] [ LOG ] INIT File
---------------------------------------------------------------
[ 2018-08-05T20:07:39+08:00 ] 127.0.0.1 POST /index.php/gjcf/signup/signup
[ info ] tp5.com/index.php/gjcf/signup/signup [运行时间：0.047003s][吞吐率：21.28req/s] [内存消耗：2,815.85kb] [文件加载：56]
[ info ] [ LANG ] H:\share\project\trunk\tp5\thinkphp\lang\zh-cn.php
[ info ] [ ROUTE ] array (
  'type' => 'module',
  'module' => 
  array (
    0 => 'gjcf',
    1 => 'signup',
    2 => 'signup',
  ),
)
[ info ] [ HEADER ] array (
  'host' => 'tp5.com',
  'connection' => 'keep-alive',
  'content-length' => '94',
  'accept' => 'application/json, text/javascript, */*; q=0.01',
  'origin' => 'http://tp5.com',
  'x-requested-with' => 'XMLHttpRequest',
  'user-agent' => 'Mozilla/5.0 (Windows NT 6.1; Win64; x64) AppleWebKit/537.36 (KHTML, like Gecko) Chrome/67.0.3396.99 Safari/537.36',
  'content-type' => 'application/x-www-form-urlencoded; charset=UTF-8',
  'referer' => 'http://tp5.com/index.php/gjcf/signup/index',
  'accept-encoding' => 'gzip, deflate',
  'accept-language' => 'zh-CN,zh;q=0.9',
  'cookie' => 'username=zhangzhao111; password=zhangzhao; XDEBUG_SESSION=XDEBUG_ECLIPSE; PHPSESSID=8ie28s50aidvmb51l5lkip5m70',
)
[ info ] [ PARAM ] array (
  'username' => 'zhangzhao112',
  'password' => 'zhangzhao',
  'tel' => '13113310202',
  'telidentify' => '',
  'referee' => '4396',
  'capcha' => 'tcix',
)
[ info ] [ RUN ] app\gjcf\controller\Signup->Signup[ H:\share\project\trunk\tp5\application\gjcf\controller\Signup.php ]
[ info ] [ SESSION ] INIT array (
  'id' => '',
  'var_session_id' => '',
  'prefix' => 'think',
  'type' => '',
  'auto_start' => true,
)
[ info ] [ DB ] INIT mysql
[ info ] [ LOG ] INIT File
[ sql ] [ DB ] CONNECT:[ UseTime:0.001000s ] mysql:host=127.0.0.1;dbname=gjcf;charset=utf8
[ sql ] [ SQL ] SHOW COLUMNS FROM `international_user` [ RunTime:0.009000s ]
[ sql ] [ SQL ] SELECT * FROM `international_user` WHERE  `username` = 'zhangzhao112' LIMIT 1 [ RunTime:0.001001s ]
---------------------------------------------------------------
[ 2018-08-05T20:07:39+08:00 ] 127.0.0.1 GET /index.php/captcha?id=0.8202849602445872
[ info ] tp5.com/index.php/captcha?id=0.8202849602445872 [运行时间：0.020001s][吞吐率：50.00req/s] [内存消耗：1,374.27kb] [文件加载：37]
[ info ] [ LANG ] H:\share\project\trunk\tp5\thinkphp\lang\zh-cn.php
[ info ] [ ROUTE ] array (
  'type' => 'method',
  'method' => 
  array (
    0 => '\\think\\captcha\\CaptchaController',
    1 => 'index',
  ),
  'var' => 
  array (
  ),
)
[ info ] [ HEADER ] array (
  'host' => 'tp5.com',
  'connection' => 'keep-alive',
  'user-agent' => 'Mozilla/5.0 (Windows NT 6.1; Win64; x64) AppleWebKit/537.36 (KHTML, like Gecko) Chrome/67.0.3396.99 Safari/537.36',
  'accept' => 'image/webp,image/apng,image/*,*/*;q=0.8',
  'referer' => 'http://tp5.com/index.php/gjcf/signup/index',
  'accept-encoding' => 'gzip, deflate',
  'accept-language' => 'zh-CN,zh;q=0.9',
  'cookie' => 'XDEBUG_SESSION=XDEBUG_ECLIPSE; PHPSESSID=8ie28s50aidvmb51l5lkip5m70',
)
[ info ] [ PARAM ] array (
  'id' => NULL,
)
[ info ] [ RUN ] think\captcha\CaptchaController->index[ H:\share\project\trunk\tp5\vendor\topthink\think-captcha\src\CaptchaController.php ]
[ info ] [ SESSION ] INIT array (
  'id' => '',
  'var_session_id' => '',
  'prefix' => 'think',
  'type' => '',
  'auto_start' => true,
)
[ info ] [ LOG ] INIT File
---------------------------------------------------------------
[ 2018-08-05T20:17:57+08:00 ] 127.0.0.1 GET /index.php/gjcf/signup/index
[ info ] tp5.com/index.php/gjcf/signup/index [运行时间：0.031002s][吞吐率：32.26req/s] [内存消耗：1,672.16kb] [文件加载：46]
[ info ] [ LANG ] H:\share\project\trunk\tp5\thinkphp\lang\zh-cn.php
[ info ] [ ROUTE ] array (
  'type' => 'module',
  'module' => 
  array (
    0 => 'gjcf',
    1 => 'signup',
    2 => 'index',
  ),
)
[ info ] [ HEADER ] array (
  'host' => 'tp5.com',
  'connection' => 'keep-alive',
  'cache-control' => 'max-age=0',
  'upgrade-insecure-requests' => '1',
  'user-agent' => 'Mozilla/5.0 (Windows NT 6.1; Win64; x64) AppleWebKit/537.36 (KHTML, like Gecko) Chrome/67.0.3396.99 Safari/537.36',
  'accept' => 'text/html,application/xhtml+xml,application/xml;q=0.9,image/webp,image/apng,*/*;q=0.8',
  'accept-encoding' => 'gzip, deflate',
  'accept-language' => 'zh-CN,zh;q=0.9',
  'cookie' => 'username=zhangzhao111; password=zhangzhao; XDEBUG_SESSION=XDEBUG_ECLIPSE; PHPSESSID=8ie28s50aidvmb51l5lkip5m70',
)
[ info ] [ PARAM ] array (
)
[ info ] [ RUN ] app\gjcf\controller\Signup->Index[ H:\share\project\trunk\tp5\application\gjcf\controller\Signup.php ]
[ info ] [ VIEW ] H:\share\project\trunk\tp5\public/../application/gjcf\view\signup\index.html [ array (
) ]
[ info ] [ LOG ] INIT File
---------------------------------------------------------------
[ 2018-08-05T20:17:57+08:00 ] 127.0.0.1 GET /index.php/captcha.html
[ info ] tp5.com/index.php/captcha.html [运行时间：0.021001s][吞吐率：47.62req/s] [内存消耗：1,374.13kb] [文件加载：37]
[ info ] [ LANG ] H:\share\project\trunk\tp5\thinkphp\lang\zh-cn.php
[ info ] [ ROUTE ] array (
  'type' => 'method',
  'method' => 
  array (
    0 => '\\think\\captcha\\CaptchaController',
    1 => 'index',
  ),
  'var' => 
  array (
  ),
)
[ info ] [ HEADER ] array (
  'host' => 'tp5.com',
  'connection' => 'keep-alive',
  'user-agent' => 'Mozilla/5.0 (Windows NT 6.1; Win64; x64) AppleWebKit/537.36 (KHTML, like Gecko) Chrome/67.0.3396.99 Safari/537.36',
  'accept' => 'image/webp,image/apng,image/*,*/*;q=0.8',
  'referer' => 'http://tp5.com/index.php/gjcf/signup/index',
  'accept-encoding' => 'gzip, deflate',
  'accept-language' => 'zh-CN,zh;q=0.9',
  'cookie' => 'XDEBUG_SESSION=XDEBUG_ECLIPSE; PHPSESSID=8ie28s50aidvmb51l5lkip5m70',
)
[ info ] [ PARAM ] array (
  'id' => NULL,
)
[ info ] [ RUN ] think\captcha\CaptchaController->index[ H:\share\project\trunk\tp5\vendor\topthink\think-captcha\src\CaptchaController.php ]
[ info ] [ SESSION ] INIT array (
  'id' => '',
  'var_session_id' => '',
  'prefix' => 'think',
  'type' => '',
  'auto_start' => true,
)
[ info ] [ LOG ] INIT File
---------------------------------------------------------------
[ 2018-08-05T20:18:11+08:00 ] 127.0.0.1 POST /index.php/gjcf/post/index?mobile=13113310202
[ info ] tp5.com/index.php/gjcf/post/index?mobile=13113310202 [运行时间：0.347020s][吞吐率：2.88req/s] [内存消耗：1,618.69kb] [文件加载：44]
[ info ] [ LANG ] H:\share\project\trunk\tp5\thinkphp\lang\zh-cn.php
[ info ] [ ROUTE ] array (
  'type' => 'module',
  'module' => 
  array (
    0 => 'gjcf',
    1 => 'post',
    2 => 'index',
  ),
)
[ info ] [ HEADER ] array (
  'host' => 'tp5.com',
  'accept' => '*/*',
  'content-type' => 'application/x-www-form-urlencoded',
  'expect' => '100-continue',
)
[ info ] [ PARAM ] array (
  'mobile' => '13113310202',
)
[ info ] [ RUN ] app\gjcf\controller\Post->Index[ H:\share\project\trunk\tp5\application\gjcf\controller\Post.php ]
[ info ] [ LOG ] INIT File
---------------------------------------------------------------
[ 2018-08-05T20:18:11+08:00 ] 127.0.0.1 POST /index.php/gjcf/signup/gettelidentify
[ info ] tp5.com/index.php/gjcf/signup/gettelidentify [运行时间：0.413023s][吞吐率：2.42req/s] [内存消耗：1,631.27kb] [文件加载：46]
[ info ] [ LANG ] H:\share\project\trunk\tp5\thinkphp\lang\zh-cn.php
[ info ] [ ROUTE ] array (
  'type' => 'module',
  'module' => 
  array (
    0 => 'gjcf',
    1 => 'signup',
    2 => 'gettelidentify',
  ),
)
[ info ] [ HEADER ] array (
  'host' => 'tp5.com',
  'connection' => 'keep-alive',
  'content-length' => '15',
  'accept' => 'application/json, text/javascript, */*; q=0.01',
  'origin' => 'http://tp5.com',
  'x-requested-with' => 'XMLHttpRequest',
  'user-agent' => 'Mozilla/5.0 (Windows NT 6.1; Win64; x64) AppleWebKit/537.36 (KHTML, like Gecko) Chrome/67.0.3396.99 Safari/537.36',
  'content-type' => 'application/x-www-form-urlencoded; charset=UTF-8',
  'referer' => 'http://tp5.com/index.php/gjcf/signup/index',
  'accept-encoding' => 'gzip, deflate',
  'accept-language' => 'zh-CN,zh;q=0.9',
  'cookie' => 'username=zhangzhao111; password=zhangzhao; XDEBUG_SESSION=XDEBUG_ECLIPSE; PHPSESSID=8ie28s50aidvmb51l5lkip5m70',
)
[ info ] [ PARAM ] array (
  'tel' => '13113310202',
)
[ info ] [ RUN ] app\gjcf\controller\Signup->GetTelIdentify[ H:\share\project\trunk\tp5\application\gjcf\controller\Signup.php ]
[ info ] [ SESSION ] INIT array (
  'id' => '',
  'var_session_id' => '',
  'prefix' => 'think',
  'type' => '',
  'auto_start' => true,
)
[ info ] [ LOG ] INIT File
---------------------------------------------------------------
[ 2018-08-05T20:18:17+08:00 ] 127.0.0.1 POST /index.php/gjcf/signup/signup
[ info ] tp5.com/index.php/gjcf/signup/signup [运行时间：0.127007s][吞吐率：7.87req/s] [内存消耗：2,878.75kb] [文件加载：58]
[ info ] [ LANG ] H:\share\project\trunk\tp5\thinkphp\lang\zh-cn.php
[ info ] [ ROUTE ] array (
  'type' => 'module',
  'module' => 
  array (
    0 => 'gjcf',
    1 => 'signup',
    2 => 'signup',
  ),
)
[ info ] [ HEADER ] array (
  'host' => 'tp5.com',
  'connection' => 'keep-alive',
  'content-length' => '94',
  'accept' => 'application/json, text/javascript, */*; q=0.01',
  'origin' => 'http://tp5.com',
  'x-requested-with' => 'XMLHttpRequest',
  'user-agent' => 'Mozilla/5.0 (Windows NT 6.1; Win64; x64) AppleWebKit/537.36 (KHTML, like Gecko) Chrome/67.0.3396.99 Safari/537.36',
  'content-type' => 'application/x-www-form-urlencoded; charset=UTF-8',
  'referer' => 'http://tp5.com/index.php/gjcf/signup/index',
  'accept-encoding' => 'gzip, deflate',
  'accept-language' => 'zh-CN,zh;q=0.9',
  'cookie' => 'username=zhangzhao111; password=zhangzhao; XDEBUG_SESSION=XDEBUG_ECLIPSE; PHPSESSID=8ie28s50aidvmb51l5lkip5m70',
)
[ info ] [ PARAM ] array (
  'username' => 'zhangzhao234234',
  'password' => 'zhangzhao',
  'tel' => '13113310202',
  'telidentify' => '',
  'referee' => '3',
  'capcha' => 'p4xn',
)
[ info ] [ RUN ] app\gjcf\controller\Signup->Signup[ H:\share\project\trunk\tp5\application\gjcf\controller\Signup.php ]
[ info ] [ SESSION ] INIT array (
  'id' => '',
  'var_session_id' => '',
  'prefix' => 'think',
  'type' => '',
  'auto_start' => true,
)
[ info ] [ DB ] INIT mysql
[ info ] [ LOG ] INIT File
[ sql ] [ DB ] CONNECT:[ UseTime:0.002000s ] mysql:host=127.0.0.1;dbname=gjcf;charset=utf8
[ sql ] [ SQL ] SHOW COLUMNS FROM `international_user` [ RunTime:0.011001s ]
[ sql ] [ SQL ] SELECT * FROM `international_user` WHERE  `username` = 'zhangzhao234234' LIMIT 1 [ RunTime:0.000000s ]
[ sql ] [ SQL ] SELECT * FROM `international_user` WHERE  `id` = 3 LIMIT 1 [ RunTime:0.000000s ]
[ sql ] [ SQL ] INSERT INTO `international_user` (`username` , `password` , `tel` , `referee` , `status` , `role` , `usableydc` , `tasteydc` , `freezenydc` , `latestlogintime` , `hasinvest`) VALUES ('zhangzhao234234' , 'zhangzhao' , '13113310202' , 3 , 0 , 0 , 0 , 1000 , 0 , '2018-08-05 20:18:17' , 0) [ RunTime:0.037002s ]
[ sql ] [ SQL ] SHOW COLUMNS FROM `international_ydcrecord` [ RunTime:0.013001s ]
[ sql ] [ SQL ] INSERT INTO `international_ydcrecord` (`createtime` , `userid` , `ydc` , `ydcrecordtype` , `typename`) VALUES ('2018-08-05 20:18:17' , 43 , 1000 , 8 , '注册') [ RunTime:0.028002s ]
---------------------------------------------------------------
[ 2018-08-05T20:18:19+08:00 ] 127.0.0.1 GET /index.php/gjcf/login/index
[ info ] tp5.com/index.php/gjcf/login/index [运行时间：0.036003s][吞吐率：27.78req/s] [内存消耗：1,667.70kb] [文件加载：46]
[ info ] [ LANG ] H:\share\project\trunk\tp5\thinkphp\lang\zh-cn.php
[ info ] [ ROUTE ] array (
  'type' => 'module',
  'module' => 
  array (
    0 => 'gjcf',
    1 => 'login',
    2 => 'index',
  ),
)
[ info ] [ HEADER ] array (
  'host' => 'tp5.com',
  'connection' => 'keep-alive',
  'upgrade-insecure-requests' => '1',
  'user-agent' => 'Mozilla/5.0 (Windows NT 6.1; Win64; x64) AppleWebKit/537.36 (KHTML, like Gecko) Chrome/67.0.3396.99 Safari/537.36',
  'accept' => 'text/html,application/xhtml+xml,application/xml;q=0.9,image/webp,image/apng,*/*;q=0.8',
  'referer' => 'http://tp5.com/index.php/gjcf/signup/index',
  'accept-encoding' => 'gzip, deflate',
  'accept-language' => 'zh-CN,zh;q=0.9',
  'cookie' => 'username=zhangzhao111; password=zhangzhao; username=zhangzhao111; password=zhangzhao; XDEBUG_SESSION=XDEBUG_ECLIPSE; PHPSESSID=8ie28s50aidvmb51l5lkip5m70',
)
[ info ] [ PARAM ] array (
)
[ info ] [ RUN ] app\gjcf\controller\Login->Index[ H:\share\project\trunk\tp5\application\gjcf\controller\Login.php ]
[ info ] [ VIEW ] H:\share\project\trunk\tp5\public/../application/gjcf\view\login\index.html [ array (
) ]
[ info ] [ LOG ] INIT File
---------------------------------------------------------------
[ 2018-08-05T20:18:19+08:00 ] 127.0.0.1 GET /index.php/captcha.html
[ info ] tp5.com/index.php/captcha.html [运行时间：0.028002s][吞吐率：35.71req/s] [内存消耗：1,374.27kb] [文件加载：37]
[ info ] [ LANG ] H:\share\project\trunk\tp5\thinkphp\lang\zh-cn.php
[ info ] [ ROUTE ] array (
  'type' => 'method',
  'method' => 
  array (
    0 => '\\think\\captcha\\CaptchaController',
    1 => 'index',
  ),
  'var' => 
  array (
  ),
)
[ info ] [ HEADER ] array (
  'host' => 'tp5.com',
  'connection' => 'keep-alive',
  'user-agent' => 'Mozilla/5.0 (Windows NT 6.1; Win64; x64) AppleWebKit/537.36 (KHTML, like Gecko) Chrome/67.0.3396.99 Safari/537.36',
  'accept' => 'image/webp,image/apng,image/*,*/*;q=0.8',
  'referer' => 'http://tp5.com/index.php/gjcf/login/index',
  'accept-encoding' => 'gzip, deflate',
  'accept-language' => 'zh-CN,zh;q=0.9',
  'cookie' => 'XDEBUG_SESSION=XDEBUG_ECLIPSE; PHPSESSID=8ie28s50aidvmb51l5lkip5m70',
)
[ info ] [ PARAM ] array (
  'id' => NULL,
)
[ info ] [ RUN ] think\captcha\CaptchaController->index[ H:\share\project\trunk\tp5\vendor\topthink\think-captcha\src\CaptchaController.php ]
[ info ] [ SESSION ] INIT array (
  'id' => '',
  'var_session_id' => '',
  'prefix' => 'think',
  'type' => '',
  'auto_start' => true,
)
[ info ] [ LOG ] INIT File
---------------------------------------------------------------
[ 2018-08-05T20:18:24+08:00 ] 127.0.0.1 POST /index.php/gjcf/login/login
[ info ] tp5.com/index.php/gjcf/login/login [运行时间：0.037002s][吞吐率：27.03req/s] [内存消耗：1,671.24kb] [文件加载：46]
[ info ] [ LANG ] H:\share\project\trunk\tp5\thinkphp\lang\zh-cn.php
[ info ] [ ROUTE ] array (
  'type' => 'module',
  'module' => 
  array (
    0 => 'gjcf',
    1 => 'login',
    2 => 'login',
  ),
)
[ info ] [ HEADER ] array (
  'host' => 'tp5.com',
  'connection' => 'keep-alive',
  'content-length' => '52',
  'accept' => 'application/json, text/javascript, */*; q=0.01',
  'origin' => 'http://tp5.com',
  'x-requested-with' => 'XMLHttpRequest',
  'user-agent' => 'Mozilla/5.0 (Windows NT 6.1; Win64; x64) AppleWebKit/537.36 (KHTML, like Gecko) Chrome/67.0.3396.99 Safari/537.36',
  'content-type' => 'application/x-www-form-urlencoded; charset=UTF-8',
  'referer' => 'http://tp5.com/index.php/gjcf/login/index',
  'accept-encoding' => 'gzip, deflate',
  'accept-language' => 'zh-CN,zh;q=0.9',
  'cookie' => 'username=zhangzhao111; password=zhangzhao; username=zhangzhao111; password=zhangzhao; XDEBUG_SESSION=XDEBUG_ECLIPSE; PHPSESSID=8ie28s50aidvmb51l5lkip5m70',
)
[ info ] [ PARAM ] array (
  'username' => 'zhangzhao111',
  'password' => 'zhangzhao',
  'capcha' => 'pp2k',
)
[ info ] [ RUN ] app\gjcf\controller\Login->Login[ H:\share\project\trunk\tp5\application\gjcf\controller\Login.php ]
[ info ] [ SESSION ] INIT array (
  'id' => '',
  'var_session_id' => '',
  'prefix' => 'think',
  'type' => '',
  'auto_start' => true,
)
[ info ] [ LOG ] INIT File
---------------------------------------------------------------
[ 2018-08-05T20:18:26+08:00 ] 127.0.0.1 GET /index.php/captcha?id=0.13678466525236166
[ info ] tp5.com/index.php/captcha?id=0.13678466525236166 [运行时间：0.034002s][吞吐率：29.41req/s] [内存消耗：1,374.38kb] [文件加载：37]
[ info ] [ LANG ] H:\share\project\trunk\tp5\thinkphp\lang\zh-cn.php
[ info ] [ ROUTE ] array (
  'type' => 'method',
  'method' => 
  array (
    0 => '\\think\\captcha\\CaptchaController',
    1 => 'index',
  ),
  'var' => 
  array (
  ),
)
[ info ] [ HEADER ] array (
  'host' => 'tp5.com',
  'connection' => 'keep-alive',
  'user-agent' => 'Mozilla/5.0 (Windows NT 6.1; Win64; x64) AppleWebKit/537.36 (KHTML, like Gecko) Chrome/67.0.3396.99 Safari/537.36',
  'accept' => 'image/webp,image/apng,image/*,*/*;q=0.8',
  'referer' => 'http://tp5.com/index.php/gjcf/login/index',
  'accept-encoding' => 'gzip, deflate',
  'accept-language' => 'zh-CN,zh;q=0.9',
  'cookie' => 'XDEBUG_SESSION=XDEBUG_ECLIPSE; PHPSESSID=8ie28s50aidvmb51l5lkip5m70',
)
[ info ] [ PARAM ] array (
  'id' => NULL,
)
[ info ] [ RUN ] think\captcha\CaptchaController->index[ H:\share\project\trunk\tp5\vendor\topthink\think-captcha\src\CaptchaController.php ]
[ info ] [ SESSION ] INIT array (
  'id' => '',
  'var_session_id' => '',
  'prefix' => 'think',
  'type' => '',
  'auto_start' => true,
)
[ info ] [ LOG ] INIT File
---------------------------------------------------------------
[ 2018-08-05T20:18:31+08:00 ] 127.0.0.1 POST /index.php/gjcf/login/login
[ info ] tp5.com/index.php/gjcf/login/login [运行时间：0.024001s][吞吐率：41.67req/s] [内存消耗：1,671.24kb] [文件加载：46]
[ info ] [ LANG ] H:\share\project\trunk\tp5\thinkphp\lang\zh-cn.php
[ info ] [ ROUTE ] array (
  'type' => 'module',
  'module' => 
  array (
    0 => 'gjcf',
    1 => 'login',
    2 => 'login',
  ),
)
[ info ] [ HEADER ] array (
  'host' => 'tp5.com',
  'connection' => 'keep-alive',
  'content-length' => '52',
  'accept' => 'application/json, text/javascript, */*; q=0.01',
  'origin' => 'http://tp5.com',
  'x-requested-with' => 'XMLHttpRequest',
  'user-agent' => 'Mozilla/5.0 (Windows NT 6.1; Win64; x64) AppleWebKit/537.36 (KHTML, like Gecko) Chrome/67.0.3396.99 Safari/537.36',
  'content-type' => 'application/x-www-form-urlencoded; charset=UTF-8',
  'referer' => 'http://tp5.com/index.php/gjcf/login/index',
  'accept-encoding' => 'gzip, deflate',
  'accept-language' => 'zh-CN,zh;q=0.9',
  'cookie' => 'username=zhangzhao111; password=zhangzhao; username=zhangzhao111; password=zhangzhao; XDEBUG_SESSION=XDEBUG_ECLIPSE; PHPSESSID=8ie28s50aidvmb51l5lkip5m70',
)
[ info ] [ PARAM ] array (
  'username' => 'zhangzhao111',
  'password' => 'zhangzhao',
  'capcha' => 'el76',
)
[ info ] [ RUN ] app\gjcf\controller\Login->Login[ H:\share\project\trunk\tp5\application\gjcf\controller\Login.php ]
[ info ] [ SESSION ] INIT array (
  'id' => '',
  'var_session_id' => '',
  'prefix' => 'think',
  'type' => '',
  'auto_start' => true,
)
[ info ] [ LOG ] INIT File
---------------------------------------------------------------
[ 2018-08-05T20:18:32+08:00 ] 127.0.0.1 GET /index.php/captcha?id=0.974325505992135
[ info ] tp5.com/index.php/captcha?id=0.974325505992135 [运行时间：0.021001s][吞吐率：47.62req/s] [内存消耗：1,374.36kb] [文件加载：37]
[ info ] [ LANG ] H:\share\project\trunk\tp5\thinkphp\lang\zh-cn.php
[ info ] [ ROUTE ] array (
  'type' => 'method',
  'method' => 
  array (
    0 => '\\think\\captcha\\CaptchaController',
    1 => 'index',
  ),
  'var' => 
  array (
  ),
)
[ info ] [ HEADER ] array (
  'host' => 'tp5.com',
  'connection' => 'keep-alive',
  'user-agent' => 'Mozilla/5.0 (Windows NT 6.1; Win64; x64) AppleWebKit/537.36 (KHTML, like Gecko) Chrome/67.0.3396.99 Safari/537.36',
  'accept' => 'image/webp,image/apng,image/*,*/*;q=0.8',
  'referer' => 'http://tp5.com/index.php/gjcf/login/index',
  'accept-encoding' => 'gzip, deflate',
  'accept-language' => 'zh-CN,zh;q=0.9',
  'cookie' => 'XDEBUG_SESSION=XDEBUG_ECLIPSE; PHPSESSID=8ie28s50aidvmb51l5lkip5m70',
)
[ info ] [ PARAM ] array (
  'id' => NULL,
)
[ info ] [ RUN ] think\captcha\CaptchaController->index[ H:\share\project\trunk\tp5\vendor\topthink\think-captcha\src\CaptchaController.php ]
[ info ] [ SESSION ] INIT array (
  'id' => '',
  'var_session_id' => '',
  'prefix' => 'think',
  'type' => '',
  'auto_start' => true,
)
[ info ] [ LOG ] INIT File
---------------------------------------------------------------
[ 2018-08-05T20:18:33+08:00 ] 127.0.0.1 GET /index.php/captcha?id=0.8230394102511029
[ info ] tp5.com/index.php/captcha?id=0.8230394102511029 [运行时间：0.029002s][吞吐率：34.48req/s] [内存消耗：1,374.34kb] [文件加载：37]
[ info ] [ LANG ] H:\share\project\trunk\tp5\thinkphp\lang\zh-cn.php
[ info ] [ ROUTE ] array (
  'type' => 'method',
  'method' => 
  array (
    0 => '\\think\\captcha\\CaptchaController',
    1 => 'index',
  ),
  'var' => 
  array (
  ),
)
[ info ] [ HEADER ] array (
  'host' => 'tp5.com',
  'connection' => 'keep-alive',
  'user-agent' => 'Mozilla/5.0 (Windows NT 6.1; Win64; x64) AppleWebKit/537.36 (KHTML, like Gecko) Chrome/67.0.3396.99 Safari/537.36',
  'accept' => 'image/webp,image/apng,image/*,*/*;q=0.8',
  'referer' => 'http://tp5.com/index.php/gjcf/login/index',
  'accept-encoding' => 'gzip, deflate',
  'accept-language' => 'zh-CN,zh;q=0.9',
  'cookie' => 'XDEBUG_SESSION=XDEBUG_ECLIPSE; PHPSESSID=8ie28s50aidvmb51l5lkip5m70',
)
[ info ] [ PARAM ] array (
  'id' => NULL,
)
[ info ] [ RUN ] think\captcha\CaptchaController->index[ H:\share\project\trunk\tp5\vendor\topthink\think-captcha\src\CaptchaController.php ]
[ info ] [ SESSION ] INIT array (
  'id' => '',
  'var_session_id' => '',
  'prefix' => 'think',
  'type' => '',
  'auto_start' => true,
)
[ info ] [ LOG ] INIT File
---------------------------------------------------------------
[ 2018-08-05T20:18:37+08:00 ] 127.0.0.1 POST /index.php/gjcf/login/login
[ info ] tp5.com/index.php/gjcf/login/login [运行时间：0.164009s][吞吐率：6.10req/s] [内存消耗：2,920.54kb] [文件加载：59]
[ info ] [ LANG ] H:\share\project\trunk\tp5\thinkphp\lang\zh-cn.php
[ info ] [ ROUTE ] array (
  'type' => 'module',
  'module' => 
  array (
    0 => 'gjcf',
    1 => 'login',
    2 => 'login',
  ),
)
[ info ] [ HEADER ] array (
  'host' => 'tp5.com',
  'connection' => 'keep-alive',
  'content-length' => '52',
  'accept' => 'application/json, text/javascript, */*; q=0.01',
  'origin' => 'http://tp5.com',
  'x-requested-with' => 'XMLHttpRequest',
  'user-agent' => 'Mozilla/5.0 (Windows NT 6.1; Win64; x64) AppleWebKit/537.36 (KHTML, like Gecko) Chrome/67.0.3396.99 Safari/537.36',
  'content-type' => 'application/x-www-form-urlencoded; charset=UTF-8',
  'referer' => 'http://tp5.com/index.php/gjcf/login/index',
  'accept-encoding' => 'gzip, deflate',
  'accept-language' => 'zh-CN,zh;q=0.9',
  'cookie' => 'username=zhangzhao111; password=zhangzhao; username=zhangzhao111; password=zhangzhao; XDEBUG_SESSION=XDEBUG_ECLIPSE; PHPSESSID=8ie28s50aidvmb51l5lkip5m70',
)
[ info ] [ PARAM ] array (
  'username' => 'zhangzhao111',
  'password' => 'zhangzhao',
  'capcha' => 'j5jx',
)
[ info ] [ RUN ] app\gjcf\controller\Login->Login[ H:\share\project\trunk\tp5\application\gjcf\controller\Login.php ]
[ info ] [ SESSION ] INIT array (
  'id' => '',
  'var_session_id' => '',
  'prefix' => 'think',
  'type' => '',
  'auto_start' => true,
)
[ info ] [ DB ] INIT mysql
[ info ] [ CACHE ] INIT File
[ info ] [ LOG ] INIT File
[ sql ] [ DB ] CONNECT:[ UseTime:0.011000s ] mysql:host=127.0.0.1;dbname=gjcf;charset=utf8
[ sql ] [ SQL ] SHOW COLUMNS FROM `international_user` [ RunTime:0.009001s ]
[ sql ] [ SQL ] SELECT * FROM `international_user` WHERE  `username` = 'zhangzhao111'  AND `password` = 'zhangzhao' LIMIT 1 [ RunTime:0.000000s ]
[ sql ] [ SQL ] UPDATE `international_user`  SET `latestlogintime`='2018-08-05 20:18:37'  WHERE  `id` = 15 [ RunTime:0.037002s ]
[ sql ] [ SQL ] SELECT * FROM `international_user` WHERE  `id` = 15 LIMIT 1 [ RunTime:0.001000s ]
---------------------------------------------------------------
[ 2018-08-05T20:18:37+08:00 ] 127.0.0.1 GET /index.php/gjcf/index/index
[ info ] tp5.com/index.php/gjcf/index/index [运行时间：0.087005s][吞吐率：11.49req/s] [内存消耗：2,917.05kb] [文件加载：57]
[ info ] [ LANG ] H:\share\project\trunk\tp5\thinkphp\lang\zh-cn.php
[ info ] [ ROUTE ] array (
  'type' => 'module',
  'module' => 
  array (
    0 => 'gjcf',
    1 => 'index',
    2 => 'index',
  ),
)
[ info ] [ HEADER ] array (
  'host' => 'tp5.com',
  'connection' => 'keep-alive',
  'upgrade-insecure-requests' => '1',
  'user-agent' => 'Mozilla/5.0 (Windows NT 6.1; Win64; x64) AppleWebKit/537.36 (KHTML, like Gecko) Chrome/67.0.3396.99 Safari/537.36',
  'accept' => 'text/html,application/xhtml+xml,application/xml;q=0.9,image/webp,image/apng,*/*;q=0.8',
  'referer' => 'http://tp5.com/index.php/gjcf/login/index',
  'accept-encoding' => 'gzip, deflate',
  'accept-language' => 'zh-CN,zh;q=0.9',
  'cookie' => 'username=zhangzhao111; password=zhangzhao; XDEBUG_SESSION=XDEBUG_ECLIPSE; PHPSESSID=8ie28s50aidvmb51l5lkip5m70',
)
[ info ] [ PARAM ] array (
)
[ info ] [ RUN ] app\gjcf\controller\Index->index[ H:\share\project\trunk\tp5\application\gjcf\controller\Index.php ]
[ info ] [ SESSION ] INIT array (
  'id' => '',
  'var_session_id' => '',
  'prefix' => 'think',
  'type' => '',
  'auto_start' => true,
)
[ info ] [ DB ] INIT mysql
[ info ] [ VIEW ] H:\share\project\trunk\tp5\public/../application/gjcf\view\index\index.html [ array (
) ]
[ info ] [ LOG ] INIT File
[ sql ] [ DB ] CONNECT:[ UseTime:0.001000s ] mysql:host=127.0.0.1;dbname=gjcf;charset=utf8
[ sql ] [ SQL ] SHOW COLUMNS FROM `international_user` [ RunTime:0.009000s ]
[ sql ] [ SQL ] SELECT * FROM `international_user` WHERE  `id` = 15 LIMIT 1 [ RunTime:0.000000s ]
---------------------------------------------------------------
[ 2018-08-05T20:18:38+08:00 ] 127.0.0.1 POST /index.php/gjcf/index/getproject
[ info ] tp5.com/index.php/gjcf/index/getproject [运行时间：0.057003s][吞吐率：17.54req/s] [内存消耗：2,771.45kb] [文件加载：55]
[ info ] [ LANG ] H:\share\project\trunk\tp5\thinkphp\lang\zh-cn.php
[ info ] [ ROUTE ] array (
  'type' => 'module',
  'module' => 
  array (
    0 => 'gjcf',
    1 => 'index',
    2 => 'getproject',
  ),
)
[ info ] [ HEADER ] array (
  'host' => 'tp5.com',
  'connection' => 'keep-alive',
  'content-length' => '0',
  'accept' => 'application/json, text/javascript, */*; q=0.01',
  'origin' => 'http://tp5.com',
  'x-requested-with' => 'XMLHttpRequest',
  'user-agent' => 'Mozilla/5.0 (Windows NT 6.1; Win64; x64) AppleWebKit/537.36 (KHTML, like Gecko) Chrome/67.0.3396.99 Safari/537.36',
  'referer' => 'http://tp5.com/index.php/gjcf/index/index',
  'accept-encoding' => 'gzip, deflate',
  'accept-language' => 'zh-CN,zh;q=0.9',
  'cookie' => 'username=zhangzhao111; password=zhangzhao; XDEBUG_SESSION=XDEBUG_ECLIPSE; PHPSESSID=8ie28s50aidvmb51l5lkip5m70',
)
[ info ] [ PARAM ] array (
)
[ info ] [ RUN ] app\gjcf\controller\Index->GetProject[ H:\share\project\trunk\tp5\application\gjcf\controller\Index.php ]
[ info ] [ SESSION ] INIT array (
  'id' => '',
  'var_session_id' => '',
  'prefix' => 'think',
  'type' => '',
  'auto_start' => true,
)
[ info ] [ DB ] INIT mysql
[ info ] [ LOG ] INIT File
[ sql ] [ DB ] CONNECT:[ UseTime:0.001000s ] mysql:host=127.0.0.1;dbname=gjcf;charset=utf8
[ sql ] [ SQL ] SHOW COLUMNS FROM `international_user` [ RunTime:0.010001s ]
[ sql ] [ SQL ] SELECT * FROM `international_user` WHERE  `id` = 15 LIMIT 1 [ RunTime:0.001000s ]
[ sql ] [ SQL ] SHOW COLUMNS FROM `international_project` [ RunTime:0.013001s ]
[ sql ] [ SQL ] SELECT * FROM `international_project` WHERE  `status` = 0 [ RunTime:0.001000s ]
---------------------------------------------------------------
[ 2018-08-05T20:18:39+08:00 ] 127.0.0.1 POST /index.php/gjcf/sign/sign
[ info ] tp5.com/index.php/gjcf/sign/sign [运行时间：0.081004s][吞吐率：12.35req/s] [内存消耗：2,798.90kb] [文件加载：56]
[ info ] [ LANG ] H:\share\project\trunk\tp5\thinkphp\lang\zh-cn.php
[ info ] [ ROUTE ] array (
  'type' => 'module',
  'module' => 
  array (
    0 => 'gjcf',
    1 => 'sign',
    2 => 'sign',
  ),
)
[ info ] [ HEADER ] array (
  'host' => 'tp5.com',
  'connection' => 'keep-alive',
  'content-length' => '0',
  'accept' => 'application/json, text/javascript, */*; q=0.01',
  'origin' => 'http://tp5.com',
  'x-requested-with' => 'XMLHttpRequest',
  'user-agent' => 'Mozilla/5.0 (Windows NT 6.1; Win64; x64) AppleWebKit/537.36 (KHTML, like Gecko) Chrome/67.0.3396.99 Safari/537.36',
  'referer' => 'http://tp5.com/index.php/gjcf/index/index',
  'accept-encoding' => 'gzip, deflate',
  'accept-language' => 'zh-CN,zh;q=0.9',
  'cookie' => 'username=zhangzhao111; password=zhangzhao; XDEBUG_SESSION=XDEBUG_ECLIPSE; PHPSESSID=8ie28s50aidvmb51l5lkip5m70',
)
[ info ] [ PARAM ] array (
)
[ info ] [ RUN ] app\gjcf\controller\Sign->Sign[ H:\share\project\trunk\tp5\application\gjcf\controller\Sign.php ]
[ info ] [ SESSION ] INIT array (
  'id' => '',
  'var_session_id' => '',
  'prefix' => 'think',
  'type' => '',
  'auto_start' => true,
)
[ info ] [ DB ] INIT mysql
[ info ] [ LOG ] INIT File
[ sql ] [ DB ] CONNECT:[ UseTime:0.010001s ] mysql:host=127.0.0.1;dbname=gjcf;charset=utf8
[ sql ] [ SQL ] SHOW COLUMNS FROM `international_user` [ RunTime:0.011000s ]
[ sql ] [ SQL ] SELECT * FROM `international_user` WHERE  `id` = 15 LIMIT 1 [ RunTime:0.001000s ]
[ sql ] [ SQL ] SHOW COLUMNS FROM `international_signrecord` [ RunTime:0.012001s ]
[ sql ] [ SQL ] SELECT * FROM `international_signrecord` WHERE  `userid` = 15  AND `signtime` >= '2018-08-05 00:00:00' LIMIT 1 [ RunTime:0.001000s ]
---------------------------------------------------------------
[ 2018-08-05T20:18:39+08:00 ] 127.0.0.1 POST /index.php/gjcf/utility/islogin
[ info ] tp5.com/index.php/gjcf/utility/islogin [运行时间：0.117006s][吞吐率：8.55req/s] [内存消耗：2,761.41kb] [文件加载：55]
[ info ] [ LANG ] H:\share\project\trunk\tp5\thinkphp\lang\zh-cn.php
[ info ] [ ROUTE ] array (
  'type' => 'module',
  'module' => 
  array (
    0 => 'gjcf',
    1 => 'utility',
    2 => 'islogin',
  ),
)
[ info ] [ HEADER ] array (
  'host' => 'tp5.com',
  'connection' => 'keep-alive',
  'content-length' => '0',
  'accept' => 'application/json, text/javascript, */*; q=0.01',
  'origin' => 'http://tp5.com',
  'x-requested-with' => 'XMLHttpRequest',
  'user-agent' => 'Mozilla/5.0 (Windows NT 6.1; Win64; x64) AppleWebKit/537.36 (KHTML, like Gecko) Chrome/67.0.3396.99 Safari/537.36',
  'referer' => 'http://tp5.com/index.php/gjcf/index/index',
  'accept-encoding' => 'gzip, deflate',
  'accept-language' => 'zh-CN,zh;q=0.9',
  'cookie' => 'username=zhangzhao111; password=zhangzhao; XDEBUG_SESSION=XDEBUG_ECLIPSE; PHPSESSID=8ie28s50aidvmb51l5lkip5m70',
)
[ info ] [ PARAM ] array (
)
[ info ] [ RUN ] app\gjcf\controller\Utility->IsLogin[ H:\share\project\trunk\tp5\application\gjcf\controller\Utility.php ]
[ info ] [ SESSION ] INIT array (
  'id' => '',
  'var_session_id' => '',
  'prefix' => 'think',
  'type' => '',
  'auto_start' => true,
)
[ info ] [ DB ] INIT mysql
[ info ] [ LOG ] INIT File
[ sql ] [ DB ] CONNECT:[ UseTime:0.010000s ] mysql:host=127.0.0.1;dbname=gjcf;charset=utf8
[ sql ] [ SQL ] SHOW COLUMNS FROM `international_user` [ RunTime:0.011000s ]
[ sql ] [ SQL ] SELECT * FROM `international_user` WHERE  `id` = 15 LIMIT 1 [ RunTime:0.000000s ]
---------------------------------------------------------------
[ 2018-08-05T20:18:42+08:00 ] 127.0.0.1 POST /index.php/gjcf/utility/islogin
[ info ] tp5.com/index.php/gjcf/utility/islogin [运行时间：0.064004s][吞吐率：15.62req/s] [内存消耗：2,761.41kb] [文件加载：55]
[ info ] [ LANG ] H:\share\project\trunk\tp5\thinkphp\lang\zh-cn.php
[ info ] [ ROUTE ] array (
  'type' => 'module',
  'module' => 
  array (
    0 => 'gjcf',
    1 => 'utility',
    2 => 'islogin',
  ),
)
[ info ] [ HEADER ] array (
  'host' => 'tp5.com',
  'connection' => 'keep-alive',
  'content-length' => '0',
  'accept' => 'application/json, text/javascript, */*; q=0.01',
  'origin' => 'http://tp5.com',
  'x-requested-with' => 'XMLHttpRequest',
  'user-agent' => 'Mozilla/5.0 (Windows NT 6.1; Win64; x64) AppleWebKit/537.36 (KHTML, like Gecko) Chrome/67.0.3396.99 Safari/537.36',
  'referer' => 'http://tp5.com/index.php/gjcf/index/index',
  'accept-encoding' => 'gzip, deflate',
  'accept-language' => 'zh-CN,zh;q=0.9',
  'cookie' => 'username=zhangzhao111; password=zhangzhao; XDEBUG_SESSION=XDEBUG_ECLIPSE; PHPSESSID=8ie28s50aidvmb51l5lkip5m70',
)
[ info ] [ PARAM ] array (
)
[ info ] [ RUN ] app\gjcf\controller\Utility->IsLogin[ H:\share\project\trunk\tp5\application\gjcf\controller\Utility.php ]
[ info ] [ SESSION ] INIT array (
  'id' => '',
  'var_session_id' => '',
  'prefix' => 'think',
  'type' => '',
  'auto_start' => true,
)
[ info ] [ DB ] INIT mysql
[ info ] [ LOG ] INIT File
[ sql ] [ DB ] CONNECT:[ UseTime:0.010000s ] mysql:host=127.0.0.1;dbname=gjcf;charset=utf8
[ sql ] [ SQL ] SHOW COLUMNS FROM `international_user` [ RunTime:0.011001s ]
[ sql ] [ SQL ] SELECT * FROM `international_user` WHERE  `id` = 15 LIMIT 1 [ RunTime:0.000000s ]
---------------------------------------------------------------
[ 2018-08-05T20:18:42+08:00 ] 127.0.0.1 POST /index.php/gjcf/logout/logout
[ info ] tp5.com/index.php/gjcf/logout/logout [运行时间：0.099006s][吞吐率：10.10req/s] [内存消耗：2,759.30kb] [文件加载：55]
[ info ] [ LANG ] H:\share\project\trunk\tp5\thinkphp\lang\zh-cn.php
[ info ] [ ROUTE ] array (
  'type' => 'module',
  'module' => 
  array (
    0 => 'gjcf',
    1 => 'logout',
    2 => 'logout',
  ),
)
[ info ] [ HEADER ] array (
  'host' => 'tp5.com',
  'connection' => 'keep-alive',
  'content-length' => '0',
  'accept' => 'application/json, text/javascript, */*; q=0.01',
  'origin' => 'http://tp5.com',
  'x-requested-with' => 'XMLHttpRequest',
  'user-agent' => 'Mozilla/5.0 (Windows NT 6.1; Win64; x64) AppleWebKit/537.36 (KHTML, like Gecko) Chrome/67.0.3396.99 Safari/537.36',
  'referer' => 'http://tp5.com/index.php/gjcf/index/index',
  'accept-encoding' => 'gzip, deflate',
  'accept-language' => 'zh-CN,zh;q=0.9',
  'cookie' => 'username=zhangzhao111; password=zhangzhao; XDEBUG_SESSION=XDEBUG_ECLIPSE; PHPSESSID=8ie28s50aidvmb51l5lkip5m70',
)
[ info ] [ PARAM ] array (
)
[ info ] [ RUN ] app\gjcf\controller\Logout->Logout[ H:\share\project\trunk\tp5\application\gjcf\controller\Logout.php ]
[ info ] [ SESSION ] INIT array (
  'id' => '',
  'var_session_id' => '',
  'prefix' => 'think',
  'type' => '',
  'auto_start' => true,
)
[ info ] [ DB ] INIT mysql
[ info ] [ LOG ] INIT File
[ sql ] [ DB ] CONNECT:[ UseTime:0.010000s ] mysql:host=127.0.0.1;dbname=gjcf;charset=utf8
[ sql ] [ SQL ] SHOW COLUMNS FROM `international_user` [ RunTime:0.011001s ]
[ sql ] [ SQL ] SELECT * FROM `international_user` WHERE  `id` = 15 LIMIT 1 [ RunTime:0.001000s ]
---------------------------------------------------------------
[ 2018-08-05T20:18:44+08:00 ] 127.0.0.1 GET /index.php/gjcf/login/index
[ info ] tp5.com/index.php/gjcf/login/index [运行时间：0.034002s][吞吐率：29.41req/s] [内存消耗：1,667.67kb] [文件加载：46]
[ info ] [ LANG ] H:\share\project\trunk\tp5\thinkphp\lang\zh-cn.php
[ info ] [ ROUTE ] array (
  'type' => 'module',
  'module' => 
  array (
    0 => 'gjcf',
    1 => 'login',
    2 => 'index',
  ),
)
[ info ] [ HEADER ] array (
  'host' => 'tp5.com',
  'connection' => 'keep-alive',
  'upgrade-insecure-requests' => '1',
  'user-agent' => 'Mozilla/5.0 (Windows NT 6.1; Win64; x64) AppleWebKit/537.36 (KHTML, like Gecko) Chrome/67.0.3396.99 Safari/537.36',
  'accept' => 'text/html,application/xhtml+xml,application/xml;q=0.9,image/webp,image/apng,*/*;q=0.8',
  'referer' => 'http://tp5.com/index.php/gjcf/index/index',
  'accept-encoding' => 'gzip, deflate',
  'accept-language' => 'zh-CN,zh;q=0.9',
  'cookie' => 'username=zhangzhao111; password=zhangzhao; username=zhangzhao111; password=zhangzhao; XDEBUG_SESSION=XDEBUG_ECLIPSE; PHPSESSID=8ie28s50aidvmb51l5lkip5m70',
)
[ info ] [ PARAM ] array (
)
[ info ] [ RUN ] app\gjcf\controller\Login->Index[ H:\share\project\trunk\tp5\application\gjcf\controller\Login.php ]
[ info ] [ VIEW ] H:\share\project\trunk\tp5\public/../application/gjcf\view\login\index.html [ array (
) ]
[ info ] [ LOG ] INIT File
---------------------------------------------------------------
[ 2018-08-05T20:18:44+08:00 ] 127.0.0.1 GET /index.php/captcha.html
[ info ] tp5.com/index.php/captcha.html [运行时间：0.033002s][吞吐率：30.30req/s] [内存消耗：1,374.19kb] [文件加载：37]
[ info ] [ LANG ] H:\share\project\trunk\tp5\thinkphp\lang\zh-cn.php
[ info ] [ ROUTE ] array (
  'type' => 'method',
  'method' => 
  array (
    0 => '\\think\\captcha\\CaptchaController',
    1 => 'index',
  ),
  'var' => 
  array (
  ),
)
[ info ] [ HEADER ] array (
  'host' => 'tp5.com',
  'connection' => 'keep-alive',
  'user-agent' => 'Mozilla/5.0 (Windows NT 6.1; Win64; x64) AppleWebKit/537.36 (KHTML, like Gecko) Chrome/67.0.3396.99 Safari/537.36',
  'accept' => 'image/webp,image/apng,image/*,*/*;q=0.8',
  'referer' => 'http://tp5.com/index.php/gjcf/login/index',
  'accept-encoding' => 'gzip, deflate',
  'accept-language' => 'zh-CN,zh;q=0.9',
  'cookie' => 'XDEBUG_SESSION=XDEBUG_ECLIPSE; PHPSESSID=8ie28s50aidvmb51l5lkip5m70',
)
[ info ] [ PARAM ] array (
  'id' => NULL,
)
[ info ] [ RUN ] think\captcha\CaptchaController->index[ H:\share\project\trunk\tp5\vendor\topthink\think-captcha\src\CaptchaController.php ]
[ info ] [ SESSION ] INIT array (
  'id' => '',
  'var_session_id' => '',
  'prefix' => 'think',
  'type' => '',
  'auto_start' => true,
)
[ info ] [ LOG ] INIT File
---------------------------------------------------------------
[ 2018-08-05T22:16:44+08:00 ] 127.0.0.1 POST /index.php/gjcf/login/login
[ info ] tp5.com/index.php/gjcf/login/login [运行时间：0.294017s][吞吐率：3.40req/s] [内存消耗：1,670.84kb] [文件加载：46]
[ info ] [ LANG ] H:\share\project\trunk\tp5\thinkphp\lang\zh-cn.php
[ info ] [ ROUTE ] array (
  'type' => 'module',
  'module' => 
  array (
    0 => 'gjcf',
    1 => 'login',
    2 => 'login',
  ),
)
[ info ] [ HEADER ] array (
  'host' => 'tp5.com',
  'connection' => 'keep-alive',
  'content-length' => '52',
  'accept' => 'application/json, text/javascript, */*; q=0.01',
  'origin' => 'http://tp5.com',
  'x-requested-with' => 'XMLHttpRequest',
  'user-agent' => 'Mozilla/5.0 (Windows NT 6.1; Win64; x64) AppleWebKit/537.36 (KHTML, like Gecko) Chrome/67.0.3396.99 Safari/537.36',
  'content-type' => 'application/x-www-form-urlencoded; charset=UTF-8',
  'referer' => 'http://tp5.com/index.php/gjcf/login/index',
  'accept-encoding' => 'gzip, deflate',
  'accept-language' => 'zh-CN,zh;q=0.9',
  'cookie' => 'username=zhangzhao111; password=zhangzhao; username=zhangzhao111; password=zhangzhao; XDEBUG_SESSION=XDEBUG_ECLIPSE; PHPSESSID=8ie28s50aidvmb51l5lkip5m70',
)
[ info ] [ PARAM ] array (
  'username' => 'zhangzhao111',
  'password' => 'zhangzhao',
  'capcha' => 'qgfp',
)
[ info ] [ RUN ] app\gjcf\controller\Login->Login[ H:\share\project\trunk\tp5\application\gjcf\controller\Login.php ]
[ info ] [ SESSION ] INIT array (
  'id' => '',
  'var_session_id' => '',
  'prefix' => 'think',
  'type' => '',
  'auto_start' => true,
)
[ info ] [ LOG ] INIT File
---------------------------------------------------------------
[ 2018-08-05T22:16:45+08:00 ] 127.0.0.1 GET /index.php/captcha?id=0.22079099578779826
[ info ] tp5.com/index.php/captcha?id=0.22079099578779826 [运行时间：0.038002s][吞吐率：26.31req/s] [内存消耗：1,374.30kb] [文件加载：37]
[ info ] [ LANG ] H:\share\project\trunk\tp5\thinkphp\lang\zh-cn.php
[ info ] [ ROUTE ] array (
  'type' => 'method',
  'method' => 
  array (
    0 => '\\think\\captcha\\CaptchaController',
    1 => 'index',
  ),
  'var' => 
  array (
  ),
)
[ info ] [ HEADER ] array (
  'host' => 'tp5.com',
  'connection' => 'keep-alive',
  'user-agent' => 'Mozilla/5.0 (Windows NT 6.1; Win64; x64) AppleWebKit/537.36 (KHTML, like Gecko) Chrome/67.0.3396.99 Safari/537.36',
  'accept' => 'image/webp,image/apng,image/*,*/*;q=0.8',
  'referer' => 'http://tp5.com/index.php/gjcf/login/index',
  'accept-encoding' => 'gzip, deflate',
  'accept-language' => 'zh-CN,zh;q=0.9',
  'cookie' => 'XDEBUG_SESSION=XDEBUG_ECLIPSE; PHPSESSID=8ie28s50aidvmb51l5lkip5m70',
)
[ info ] [ PARAM ] array (
  'id' => NULL,
)
[ info ] [ RUN ] think\captcha\CaptchaController->index[ H:\share\project\trunk\tp5\vendor\topthink\think-captcha\src\CaptchaController.php ]
[ info ] [ SESSION ] INIT array (
  'id' => '',
  'var_session_id' => '',
  'prefix' => 'think',
  'type' => '',
  'auto_start' => true,
)
[ info ] [ LOG ] INIT File
---------------------------------------------------------------
[ 2018-08-05T22:16:47+08:00 ] 127.0.0.1 GET /index.php/captcha?id=0.4295415410388683
[ info ] tp5.com/index.php/captcha?id=0.4295415410388683 [运行时间：0.031002s][吞吐率：32.26req/s] [内存消耗：1,374.25kb] [文件加载：37]
[ info ] [ LANG ] H:\share\project\trunk\tp5\thinkphp\lang\zh-cn.php
[ info ] [ ROUTE ] array (
  'type' => 'method',
  'method' => 
  array (
    0 => '\\think\\captcha\\CaptchaController',
    1 => 'index',
  ),
  'var' => 
  array (
  ),
)
[ info ] [ HEADER ] array (
  'host' => 'tp5.com',
  'connection' => 'keep-alive',
  'user-agent' => 'Mozilla/5.0 (Windows NT 6.1; Win64; x64) AppleWebKit/537.36 (KHTML, like Gecko) Chrome/67.0.3396.99 Safari/537.36',
  'accept' => 'image/webp,image/apng,image/*,*/*;q=0.8',
  'referer' => 'http://tp5.com/index.php/gjcf/login/index',
  'accept-encoding' => 'gzip, deflate',
  'accept-language' => 'zh-CN,zh;q=0.9',
  'cookie' => 'XDEBUG_SESSION=XDEBUG_ECLIPSE; PHPSESSID=8ie28s50aidvmb51l5lkip5m70',
)
[ info ] [ PARAM ] array (
  'id' => NULL,
)
[ info ] [ RUN ] think\captcha\CaptchaController->index[ H:\share\project\trunk\tp5\vendor\topthink\think-captcha\src\CaptchaController.php ]
[ info ] [ SESSION ] INIT array (
  'id' => '',
  'var_session_id' => '',
  'prefix' => 'think',
  'type' => '',
  'auto_start' => true,
)
[ info ] [ LOG ] INIT File
---------------------------------------------------------------
[ 2018-08-05T22:16:51+08:00 ] 127.0.0.1 POST /index.php/gjcf/login/login
[ info ] tp5.com/index.php/gjcf/login/login [运行时间：0.269016s][吞吐率：3.72req/s] [内存消耗：2,920.54kb] [文件加载：59]
[ info ] [ LANG ] H:\share\project\trunk\tp5\thinkphp\lang\zh-cn.php
[ info ] [ ROUTE ] array (
  'type' => 'module',
  'module' => 
  array (
    0 => 'gjcf',
    1 => 'login',
    2 => 'login',
  ),
)
[ info ] [ HEADER ] array (
  'host' => 'tp5.com',
  'connection' => 'keep-alive',
  'content-length' => '52',
  'accept' => 'application/json, text/javascript, */*; q=0.01',
  'origin' => 'http://tp5.com',
  'x-requested-with' => 'XMLHttpRequest',
  'user-agent' => 'Mozilla/5.0 (Windows NT 6.1; Win64; x64) AppleWebKit/537.36 (KHTML, like Gecko) Chrome/67.0.3396.99 Safari/537.36',
  'content-type' => 'application/x-www-form-urlencoded; charset=UTF-8',
  'referer' => 'http://tp5.com/index.php/gjcf/login/index',
  'accept-encoding' => 'gzip, deflate',
  'accept-language' => 'zh-CN,zh;q=0.9',
  'cookie' => 'username=zhangzhao111; password=zhangzhao; username=zhangzhao111; password=zhangzhao; XDEBUG_SESSION=XDEBUG_ECLIPSE; PHPSESSID=8ie28s50aidvmb51l5lkip5m70',
)
[ info ] [ PARAM ] array (
  'username' => 'zhangzhao111',
  'password' => 'zhangzhao',
  'capcha' => 'w3bp',
)
[ info ] [ RUN ] app\gjcf\controller\Login->Login[ H:\share\project\trunk\tp5\application\gjcf\controller\Login.php ]
[ info ] [ SESSION ] INIT array (
  'id' => '',
  'var_session_id' => '',
  'prefix' => 'think',
  'type' => '',
  'auto_start' => true,
)
[ info ] [ DB ] INIT mysql
[ info ] [ CACHE ] INIT File
[ info ] [ LOG ] INIT File
[ sql ] [ DB ] CONNECT:[ UseTime:0.003000s ] mysql:host=127.0.0.1;dbname=gjcf;charset=utf8
[ sql ] [ SQL ] SHOW COLUMNS FROM `international_user` [ RunTime:0.029002s ]
[ sql ] [ SQL ] SELECT * FROM `international_user` WHERE  `username` = 'zhangzhao111'  AND `password` = 'zhangzhao' LIMIT 1 [ RunTime:0.000000s ]
[ sql ] [ SQL ] UPDATE `international_user`  SET `latestlogintime`='2018-08-05 22:16:51'  WHERE  `id` = 15 [ RunTime:0.057003s ]
[ sql ] [ SQL ] SELECT * FROM `international_user` WHERE  `id` = 15 LIMIT 1 [ RunTime:0.001000s ]
---------------------------------------------------------------
[ 2018-08-05T22:16:52+08:00 ] 127.0.0.1 GET /index.php/gjcf/index/index
[ info ] tp5.com/index.php/gjcf/index/index [运行时间：0.133008s][吞吐率：7.52req/s] [内存消耗：2,917.05kb] [文件加载：57]
[ info ] [ LANG ] H:\share\project\trunk\tp5\thinkphp\lang\zh-cn.php
[ info ] [ ROUTE ] array (
  'type' => 'module',
  'module' => 
  array (
    0 => 'gjcf',
    1 => 'index',
    2 => 'index',
  ),
)
[ info ] [ HEADER ] array (
  'host' => 'tp5.com',
  'connection' => 'keep-alive',
  'upgrade-insecure-requests' => '1',
  'user-agent' => 'Mozilla/5.0 (Windows NT 6.1; Win64; x64) AppleWebKit/537.36 (KHTML, like Gecko) Chrome/67.0.3396.99 Safari/537.36',
  'accept' => 'text/html,application/xhtml+xml,application/xml;q=0.9,image/webp,image/apng,*/*;q=0.8',
  'referer' => 'http://tp5.com/index.php/gjcf/login/index',
  'accept-encoding' => 'gzip, deflate',
  'accept-language' => 'zh-CN,zh;q=0.9',
  'cookie' => 'username=zhangzhao111; password=zhangzhao; XDEBUG_SESSION=XDEBUG_ECLIPSE; PHPSESSID=8ie28s50aidvmb51l5lkip5m70',
)
[ info ] [ PARAM ] array (
)
[ info ] [ RUN ] app\gjcf\controller\Index->index[ H:\share\project\trunk\tp5\application\gjcf\controller\Index.php ]
[ info ] [ SESSION ] INIT array (
  'id' => '',
  'var_session_id' => '',
  'prefix' => 'think',
  'type' => '',
  'auto_start' => true,
)
[ info ] [ DB ] INIT mysql
[ info ] [ VIEW ] H:\share\project\trunk\tp5\public/../application/gjcf\view\index\index.html [ array (
) ]
[ info ] [ LOG ] INIT File
[ sql ] [ DB ] CONNECT:[ UseTime:0.011001s ] mysql:host=127.0.0.1;dbname=gjcf;charset=utf8
[ sql ] [ SQL ] SHOW COLUMNS FROM `international_user` [ RunTime:0.012001s ]
[ sql ] [ SQL ] SELECT * FROM `international_user` WHERE  `id` = 15 LIMIT 1 [ RunTime:0.001000s ]
---------------------------------------------------------------
[ 2018-08-05T22:16:52+08:00 ] 127.0.0.1 POST /index.php/gjcf/index/getproject
[ info ] tp5.com/index.php/gjcf/index/getproject [运行时间：0.073004s][吞吐率：13.70req/s] [内存消耗：2,771.45kb] [文件加载：55]
[ info ] [ LANG ] H:\share\project\trunk\tp5\thinkphp\lang\zh-cn.php
[ info ] [ ROUTE ] array (
  'type' => 'module',
  'module' => 
  array (
    0 => 'gjcf',
    1 => 'index',
    2 => 'getproject',
  ),
)
[ info ] [ HEADER ] array (
  'host' => 'tp5.com',
  'connection' => 'keep-alive',
  'content-length' => '0',
  'accept' => 'application/json, text/javascript, */*; q=0.01',
  'origin' => 'http://tp5.com',
  'x-requested-with' => 'XMLHttpRequest',
  'user-agent' => 'Mozilla/5.0 (Windows NT 6.1; Win64; x64) AppleWebKit/537.36 (KHTML, like Gecko) Chrome/67.0.3396.99 Safari/537.36',
  'referer' => 'http://tp5.com/index.php/gjcf/index/index',
  'accept-encoding' => 'gzip, deflate',
  'accept-language' => 'zh-CN,zh;q=0.9',
  'cookie' => 'username=zhangzhao111; password=zhangzhao; XDEBUG_SESSION=XDEBUG_ECLIPSE; PHPSESSID=8ie28s50aidvmb51l5lkip5m70',
)
[ info ] [ PARAM ] array (
)
[ info ] [ RUN ] app\gjcf\controller\Index->GetProject[ H:\share\project\trunk\tp5\application\gjcf\controller\Index.php ]
[ info ] [ SESSION ] INIT array (
  'id' => '',
  'var_session_id' => '',
  'prefix' => 'think',
  'type' => '',
  'auto_start' => true,
)
[ info ] [ DB ] INIT mysql
[ info ] [ LOG ] INIT File
[ sql ] [ DB ] CONNECT:[ UseTime:0.011001s ] mysql:host=127.0.0.1;dbname=gjcf;charset=utf8
[ sql ] [ SQL ] SHOW COLUMNS FROM `international_user` [ RunTime:0.012001s ]
[ sql ] [ SQL ] SELECT * FROM `international_user` WHERE  `id` = 15 LIMIT 1 [ RunTime:0.000000s ]
[ sql ] [ SQL ] SHOW COLUMNS FROM `international_project` [ RunTime:0.013001s ]
[ sql ] [ SQL ] SELECT * FROM `international_project` WHERE  `status` = 0 [ RunTime:0.001000s ]
---------------------------------------------------------------
[ 2018-08-05T22:16:56+08:00 ] 127.0.0.1 GET /index.php/gjcf/bonus/index
[ info ] tp5.com/index.php/gjcf/bonus/index [运行时间：0.107006s][吞吐率：9.35req/s] [内存消耗：2,909.01kb] [文件加载：57]
[ info ] [ LANG ] H:\share\project\trunk\tp5\thinkphp\lang\zh-cn.php
[ info ] [ ROUTE ] array (
  'type' => 'module',
  'module' => 
  array (
    0 => 'gjcf',
    1 => 'bonus',
    2 => 'index',
  ),
)
[ info ] [ HEADER ] array (
  'host' => 'tp5.com',
  'connection' => 'keep-alive',
  'upgrade-insecure-requests' => '1',
  'user-agent' => 'Mozilla/5.0 (Windows NT 6.1; Win64; x64) AppleWebKit/537.36 (KHTML, like Gecko) Chrome/67.0.3396.99 Safari/537.36',
  'accept' => 'text/html,application/xhtml+xml,application/xml;q=0.9,image/webp,image/apng,*/*;q=0.8',
  'referer' => 'http://tp5.com/index.php/gjcf/index/index',
  'accept-encoding' => 'gzip, deflate',
  'accept-language' => 'zh-CN,zh;q=0.9',
  'cookie' => 'username=zhangzhao111; password=zhangzhao; XDEBUG_SESSION=XDEBUG_ECLIPSE; PHPSESSID=8ie28s50aidvmb51l5lkip5m70',
)
[ info ] [ PARAM ] array (
)
[ info ] [ RUN ] app\gjcf\controller\Bonus->Index[ H:\share\project\trunk\tp5\application\gjcf\controller\Bonus.php ]
[ info ] [ SESSION ] INIT array (
  'id' => '',
  'var_session_id' => '',
  'prefix' => 'think',
  'type' => '',
  'auto_start' => true,
)
[ info ] [ DB ] INIT mysql
[ info ] [ VIEW ] H:\share\project\trunk\tp5\public/../application/gjcf\view\bonus\index.html [ array (
) ]
[ info ] [ LOG ] INIT File
[ sql ] [ DB ] CONNECT:[ UseTime:0.001000s ] mysql:host=127.0.0.1;dbname=gjcf;charset=utf8
[ sql ] [ SQL ] SHOW COLUMNS FROM `international_user` [ RunTime:0.011001s ]
[ sql ] [ SQL ] SELECT * FROM `international_user` WHERE  `id` = 15 LIMIT 1 [ RunTime:0.000000s ]
---------------------------------------------------------------
[ 2018-08-05T22:16:57+08:00 ] 127.0.0.1 GET /index.php/gjcf/bonus/getbonus?page=1&limit=10
[ info ] tp5.com/index.php/gjcf/bonus/getbonus?page=1&limit=10 [运行时间：0.137008s][吞吐率：7.30req/s] [内存消耗：2,860.80kb] [文件加载：57]
[ info ] [ LANG ] H:\share\project\trunk\tp5\thinkphp\lang\zh-cn.php
[ info ] [ ROUTE ] array (
  'type' => 'module',
  'module' => 
  array (
    0 => 'gjcf',
    1 => 'bonus',
    2 => 'getbonus',
  ),
)
[ info ] [ HEADER ] array (
  'host' => 'tp5.com',
  'connection' => 'keep-alive',
  'accept' => 'application/json, text/javascript, */*; q=0.01',
  'x-requested-with' => 'XMLHttpRequest',
  'user-agent' => 'Mozilla/5.0 (Windows NT 6.1; Win64; x64) AppleWebKit/537.36 (KHTML, like Gecko) Chrome/67.0.3396.99 Safari/537.36',
  'referer' => 'http://tp5.com/index.php/gjcf/bonus/index',
  'accept-encoding' => 'gzip, deflate',
  'accept-language' => 'zh-CN,zh;q=0.9',
  'cookie' => 'username=zhangzhao111; password=zhangzhao; XDEBUG_SESSION=XDEBUG_ECLIPSE; PHPSESSID=8ie28s50aidvmb51l5lkip5m70',
)
[ info ] [ PARAM ] array (
  'page' => '1',
  'limit' => '10',
)
[ info ] [ RUN ] app\gjcf\controller\Bonus->GetBonus[ H:\share\project\trunk\tp5\application\gjcf\controller\Bonus.php ]
[ info ] [ SESSION ] INIT array (
  'id' => '',
  'var_session_id' => '',
  'prefix' => 'think',
  'type' => '',
  'auto_start' => true,
)
[ info ] [ DB ] INIT mysql
[ info ] [ LOG ] INIT File
[ sql ] [ DB ] CONNECT:[ UseTime:0.001000s ] mysql:host=127.0.0.1;dbname=gjcf;charset=utf8
[ sql ] [ SQL ] SHOW COLUMNS FROM `international_user` [ RunTime:0.013001s ]
[ sql ] [ SQL ] SELECT * FROM `international_user` WHERE  `id` = 15 LIMIT 1 [ RunTime:0.000000s ]
[ sql ] [ SQL ] SHOW COLUMNS FROM `international_dayprofit` [ RunTime:0.035002s ]
[ sql ] [ SQL ] SELECT * FROM `international_dayprofit` WHERE  `dayprofittoday` >= '2018-08-05 00:00:00' LIMIT 1 [ RunTime:0.001000s ]
[ sql ] [ SQL ] SHOW COLUMNS FROM `international_refereeone` [ RunTime:0.012000s ]
[ sql ] [ SQL ] SELECT * FROM `international_refereeone` WHERE  `refereeonetoday` BETWEEN '2018-08-05 00:00:00' AND '2018-08-06 00:00:00'  AND `refereecount` BETWEEN 3 AND 5 [ RunTime:0.013001s ]
[ sql ] [ SQL ] SELECT * FROM `international_refereeone` WHERE  `refereeonetoday` BETWEEN '2018-08-05 00:00:00' AND '2018-08-06 00:00:00'  AND `refereecount` BETWEEN 6 AND 8 [ RunTime:0.000000s ]
[ sql ] [ SQL ] SELECT * FROM `international_refereeone` WHERE  `refereeonetoday` BETWEEN '2018-08-05 00:00:00' AND '2018-08-06 00:00:00'  AND `refereecount` >= 9 [ RunTime:0.000000s ]
